<testsuites>
	<testsuite name="TimingConstraints" tests="6">
		<testcase classname="TimingConstraints" name="TimingConstraintsTest::checkTimingConstraints_20ms">
			<failure message="../src/../include/TimingConstraintsTest.hpp:130 checkTimingConstraints_20ms: 10 x 30, 10%:  expected:	200	but was:	286	">
checkTimingConstraints_20ms: 10 x 30, 10%:  expected:	200	but was:	286	
			</failure>
		</testcase>
		<testcase classname="TimingConstraints" name="TimingConstraintsTest::checkTimingConstraints_30ms"/>
		<testcase classname="TimingConstraints" name="TimingConstraintsTest::checkTimingConstraints_50ms">
			<failure message="../src/../include/TimingConstraintsTest.hpp:184 checkTimingConstraints_50ms: 10 x 50, 10%:  expected:	500	but was:	565	">
checkTimingConstraints_50ms: 10 x 50, 10%:  expected:	500	but was:	565	
			</failure>
		</testcase>
		<testcase classname="TimingConstraints" name="TimingConstraintsTest::checkTimingConstraints_100ms"/>
		<testcase classname="TimingConstraints" name="TimingConstraintsTest::checkTimingConstraints_300ms"/>
		<testcase classname="TimingConstraints" name="TimingConstraintsTest::checkTimingConstraints_500ms"/>
	</testsuite>
</testsuites>
